0 info it worked if it ends with ok
1 verbose cli [ 'E:\\node\\node.exe',
1 verbose cli   'D:\\MyConfiguration\\zh33997\\AppData\\Roaming\\npm\\node_modules\\npm\\bin\\npm-cli.js',
1 verbose cli   'start' ]
2 info using npm@4.0.5
3 info using node@v6.9.2
4 verbose run-script [ 'prestart', 'start', 'poststart' ]
5 info lifecycle mychat@1.0.0~prestart: mychat@1.0.0
6 silly lifecycle mychat@1.0.0~prestart: no script for prestart, continuing
7 info lifecycle mychat@1.0.0~start: mychat@1.0.0
8 verbose lifecycle mychat@1.0.0~start: unsafe-perm in lifecycle true
9 verbose lifecycle mychat@1.0.0~start: PATH: D:\MyConfiguration\zh33997\AppData\Roaming\npm\node_modules\npm\bin\node-gyp-bin;E:\myself\Websocket\myChat\node_modules\.bin;C:\windows\system32;C:\windows;C:\windows\System32\Wbem;C:\windows\System32\WindowsPowerShell\v1.0\;C:\Program Files\Microsoft\Web Platform Installer\;C:\Program Files (x86)\Microsoft ASP.NET\ASP.NET Web Pages\v1.0\;C:\Program Files (x86)\Windows Kits\8.0\Windows Performance Toolkit\;C:\Program Files\Microsoft SQL Server\110\Tools\Binn\;C:\Program Files (x86)\Microsoft SQL Server\100\Tools\Binn\;C:\Program Files\Microsoft SQL Server\100\Tools\Binn\;C:\Program Files\Microsoft SQL Server\100\DTS\Binn\;C:\Program Files (x86)\Microsoft SQL Server\100\Tools\Binn\VSShell\Common7\IDE\;C:\Program Files (x86)\Microsoft Visual Studio 9.0\Common7\IDE\PrivateAssemblies\;C:\Program Files (x86)\Microsoft SQL Server\100\DTS\Binn\;\工具\Git\bin;E;\node\;E:\工具\Git\cmd;E:\工具\Git\mingw64\bin;E:\工具\Git\usr\bin;D:\MGDB\bin;E:\sdk\tools;E:\sdk\platform-tools;D:\MGDB\bin;D:\MyConfiguration\zh33997\AppData\Local\Programs\Python\Python35-32\Scripts\;D:\MyConfiguration\zh33997\AppData\Local\Programs\Python\Python35-32\;【\;E:\java\bin;】;D:\WinRar;D:\java\tomcat8\lib;D:\java\tomcat8\bin;D:\java\apache-maven-3.3.3\bin;D:\MyConfiguration\zh33997\AppData\Roaming\npm;E:\sdk\tools;E:\sdk\platform-tools
10 verbose lifecycle mychat@1.0.0~start: CWD: E:\myself\Websocket\myChat
11 silly lifecycle mychat@1.0.0~start: Args: [ '/d /s /c', 'node server.js' ]
12 verbose stack Error: kill ENOSYS
12 verbose stack     at exports._errnoException (util.js:1022:11)
12 verbose stack     at process.kill (internal/process.js:172:13)
12 verbose stack     at process.listener (D:\MyConfiguration\zh33997\AppData\Roaming\npm\node_modules\npm\node_modules\npmlog\node_modules\gauge\node_modules\signal-exit\index.js:86:15)
12 verbose stack     at emitNone (events.js:91:20)
12 verbose stack     at process.emit (events.js:185:7)
12 verbose stack     at processEmit (D:\MyConfiguration\zh33997\AppData\Roaming\npm\node_modules\npm\node_modules\npmlog\node_modules\gauge\node_modules\signal-exit\index.js:146:32)
12 verbose stack     at processEmit (D:\MyConfiguration\zh33997\AppData\Roaming\npm\node_modules\npm\node_modules\npm-registry-client\node_modules\npmlog\node_modules\gauge\node_modules\signal-exit\index.js:146:32)
12 verbose stack     at Signal.wrap.onsignal (internal/process.js:199:44)
13 verbose cwd E:\myself\Websocket\myChat
14 error Windows_NT 6.1.7601
15 error argv "E:\\node\\node.exe" "D:\\MyConfiguration\\zh33997\\AppData\\Roaming\\npm\\node_modules\\npm\\bin\\npm-cli.js" "start"
16 error node v6.9.2
17 error npm  v4.0.5
18 error code ENOSYS
19 error errno ENOSYS
20 error syscall kill
21 error kill ENOSYS
22 error If you need help, you may report this error at:
22 error     <https://github.com/npm/npm/issues>
23 verbose exit [ 1, true ]
